# JRE version: Java(TM) SE Runtime Environment (8.0_11-b12) (build 1.8.0_11-b12)
# Java VM: Java HotSpot(TM) 64-Bit Server VM (25.11-b03 mixed mode linux-amd64 compressed oops)
Heap:
 PSYoungGen      total 83456K, used 31305K [0x00000000eab00000, 0x00000000f1480000, 0x0000000100000000)
  eden space 69632K, 44% used [0x00000000eab00000,0x00000000ec992668,0x00000000eef00000)
  from space 13824K, 0% used [0x00000000f0000000,0x00000000f0000000,0x00000000f0d80000)
  to   space 17408K, 0% used [0x00000000eef00000,0x00000000eef00000,0x00000000f0000000)
 ParOldGen       total 129536K, used 46241K [0x00000000c0000000, 0x00000000c7e80000, 0x00000000eab00000)
  object space 129536K, 35% used [0x00000000c0000000,0x00000000c2d286e0,0x00000000c7e80000)
 Metaspace       used 55483K, capacity 60724K, committed 60756K, reserved 1101824K
  class space    used 6431K, capacity 8064K, committed 8064K, reserved 1048576K
GC Heap History (10 events):
Event: 5.443 GC heap before
{Heap before GC invocations=19 (full 1):
 PSYoungGen      total 58880K, used 22475K [0x00000000eab00000, 0x00000000f0100000, 0x0000000100000000)
  eden space 49152K, 25% used [0x00000000eab00000,0x00000000eb77aa48,0x00000000edb00000)
  from space 9728K, 99% used [0x00000000edb00000,0x00000000ee478210,0x00000000ee480000)
  to   space 13312K, 0% used [0x00000000ef400000,0x00000000ef400000,0x00000000f0100000)
 ParOldGen       total 129536K, used 28147K [0x00000000c0000000, 0x00000000c7e80000, 0x00000000eab00000)
  object space 129536K, 21% used [0x00000000c0000000,0x00000000c1b7ce48,0x00000000c7e80000)
 Metaspace       used 31920K, capacity 35148K, committed 35220K, reserved 1079296K
  class space    used 3876K, capacity 4821K, committed 4864K, reserved 1048576K
Event: 5.455 GC heap after
Heap after GC invocations=19 (full 1):
 PSYoungGen      total 73728K, used 3786K [0x00000000eab00000, 0x00000000f0000000, 0x0000000100000000)
  eden space 61440K, 0% used [0x00000000eab00000,0x00000000eab00000,0x00000000ee700000)
  from space 12288K, 30% used [0x00000000ef400000,0x00000000ef7b2858,0x00000000f0000000)
  to   space 12800K, 0% used [0x00000000ee700000,0x00000000ee700000,0x00000000ef380000)
 ParOldGen       total 129536K, used 35913K [0x00000000c0000000, 0x00000000c7e80000, 0x00000000eab00000)
  object space 129536K, 27% used [0x00000000c0000000,0x00000000c2312650,0x00000000c7e80000)
 Metaspace       used 31920K, capacity 35148K, committed 35220K, reserved 1079296K
  class space    used 3876K, capacity 4821K, committed 4864K, reserved 1048576K
}
Event: 5.455 GC heap before
{Heap before GC invocations=20 (full 2):
 PSYoungGen      total 73728K, used 3786K [0x00000000eab00000, 0x00000000f0000000, 0x0000000100000000)
  eden space 61440K, 0% used [0x00000000eab00000,0x00000000eab00000,0x00000000ee700000)
  from space 12288K, 30% used [0x00000000ef400000,0x00000000ef7b2858,0x00000000f0000000)
  to   space 12800K, 0% used [0x00000000ee700000,0x00000000ee700000,0x00000000ef380000)
 ParOldGen       total 129536K, used 35913K [0x00000000c0000000, 0x00000000c7e80000, 0x00000000eab00000)
  object space 129536K, 27% used [0x00000000c0000000,0x00000000c2312650,0x00000000c7e80000)
 Metaspace       used 31920K, capacity 35148K, committed 35220K, reserved 1079296K
  class space    used 3876K, capacity 4821K, committed 4864K, reserved 1048576K
Event: 5.514 GC heap after
Heap after GC invocations=20 (full 2):
 PSYoungGen      total 73728K, used 0K [0x00000000eab00000, 0x00000000f0000000, 0x0000000100000000)
  eden space 61440K, 0% used [0x00000000eab00000,0x00000000eab00000,0x00000000ee700000)
  from space 12288K, 0% used [0x00000000ef400000,0x00000000ef400000,0x00000000f0000000)
  to   space 12800K, 0% used [0x00000000ee700000,0x00000000ee700000,0x00000000ef380000)
 ParOldGen       total 129536K, used 32110K [0x00000000c0000000, 0x00000000c7e80000, 0x00000000eab00000)
  object space 129536K, 24% used [0x00000000c0000000,0x00000000c1f5b858,0x00000000c7e80000)
 Metaspace       used 31920K, capacity 35148K, committed 35220K, reserved 1079296K
  class space    used 3876K, capacity 4821K, committed 4864K, reserved 1048576K
}
Event: 6.646 GC heap before
{Heap before GC invocations=21 (full 2):
 PSYoungGen      total 73728K, used 61440K [0x00000000eab00000, 0x00000000f0000000, 0x0000000100000000)
  eden space 61440K, 100% used [0x00000000eab00000,0x00000000ee700000,0x00000000ee700000)
  from space 12288K, 0% used [0x00000000ef400000,0x00000000ef400000,0x00000000f0000000)
  to   space 12800K, 0% used [0x00000000ee700000,0x00000000ee700000,0x00000000ef380000)
 ParOldGen       total 129536K, used 32110K [0x00000000c0000000, 0x00000000c7e80000, 0x00000000eab00000)
  object space 129536K, 24% used [0x00000000c0000000,0x00000000c1f5b858,0x00000000c7e80000)
 Metaspace       used 42188K, capacity 46164K, committed 46336K, reserved 1089536K
  class space    used 4792K, capacity 5879K, committed 5888K, reserved 1048576K
Event: 6.657 GC heap after
Heap after GC invocations=21 (full 2):
 PSYoungGen      total 74240K, used 10016K [0x00000000eab00000, 0x00000000f0d80000, 0x0000000100000000)
  eden space 61440K, 0% used [0x00000000eab00000,0x00000000eab00000,0x00000000ee700000)
  from space 12800K, 78% used [0x00000000ee700000,0x00000000ef0c8218,0x00000000ef380000)
  to   space 13824K, 0% used [0x00000000f0000000,0x00000000f0000000,0x00000000f0d80000)
 ParOldGen       total 129536K, used 32137K [0x00000000c0000000, 0x00000000c7e80000, 0x00000000eab00000)
  object space 129536K, 24% used [0x00000000c0000000,0x00000000c1f624a8,0x00000000c7e80000)
 Metaspace       used 42188K, capacity 46164K, committed 46336K, reserved 1089536K
  class space    used 4792K, capacity 5879K, committed 5888K, reserved 1048576K
}
Event: 8.164 GC heap before
{Heap before GC invocations=22 (full 2):
 PSYoungGen      total 74240K, used 57912K [0x00000000eab00000, 0x00000000f0d80000, 0x0000000100000000)
  eden space 61440K, 77% used [0x00000000eab00000,0x00000000ed9c5f38,0x00000000ee700000)
  from space 12800K, 78% used [0x00000000ee700000,0x00000000ef0c8218,0x00000000ef380000)
  to   space 13824K, 0% used [0x00000000f0000000,0x00000000f0000000,0x00000000f0d80000)
 ParOldGen       total 129536K, used 32137K [0x00000000c0000000, 0x00000000c7e80000, 0x00000000eab00000)
  object space 129536K, 24% used [0x00000000c0000000,0x00000000c1f624a8,0x00000000c7e80000)
 Metaspace       used 53701K, capacity 58542K, committed 58580K, reserved 1099776K
  class space    used 6198K, capacity 7658K, committed 7680K, reserved 1048576K
Event: 8.197 GC heap after
Heap after GC invocations=22 (full 2):
 PSYoungGen      total 83456K, used 13802K [0x00000000eab00000, 0x00000000f1480000, 0x0000000100000000)
  eden space 69632K, 0% used [0x00000000eab00000,0x00000000eab00000,0x00000000eef00000)
  from space 13824K, 99% used [0x00000000f0000000,0x00000000f0d7a8f8,0x00000000f0d80000)
  to   space 17408K, 0% used [0x00000000eef00000,0x00000000eef00000,0x00000000f0000000)
 ParOldGen       total 129536K, used 35845K [0x00000000c0000000, 0x00000000c7e80000, 0x00000000eab00000)
  object space 129536K, 27% used [0x00000000c0000000,0x00000000c2301650,0x00000000c7e80000)
 Metaspace       used 53701K, capacity 58542K, committed 58580K, reserved 1099776K
  class space    used 6198K, capacity 7658K, committed 7680K, reserved 1048576K
}
Event: 8.197 GC heap before
{Heap before GC invocations=23 (full 3):
 PSYoungGen      total 83456K, used 13802K [0x00000000eab00000, 0x00000000f1480000, 0x0000000100000000)
  eden space 69632K, 0% used [0x00000000eab00000,0x00000000eab00000,0x00000000eef00000)
  from space 13824K, 99% used [0x00000000f0000000,0x00000000f0d7a8f8,0x00000000f0d80000)
  to   space 17408K, 0% used [0x00000000eef00000,0x00000000eef00000,0x00000000f0000000)
 ParOldGen       total 129536K, used 35845K [0x00000000c0000000, 0x00000000c7e80000, 0x00000000eab00000)
  object space 129536K, 27% used [0x00000000c0000000,0x00000000c2301650,0x00000000c7e80000)
 Metaspace       used 53701K, capacity 58542K, committed 58580K, reserved 1099776K
  class space    used 6198K, capacity 7658K, committed 7680K, reserved 1048576K
Event: 8.493 GC heap after
Heap after GC invocations=23 (full 3):
 PSYoungGen      total 83456K, used 0K [0x00000000eab00000, 0x00000000f1480000, 0x0000000100000000)
  eden space 69632K, 0% used [0x00000000eab00000,0x00000000eab00000,0x00000000eef00000)
  from space 13824K, 0% used [0x00000000f0000000,0x00000000f0000000,0x00000000f0d80000)
  to   space 17408K, 0% used [0x00000000eef00000,0x00000000eef00000,0x00000000f0000000)
 ParOldGen       total 129536K, used 46241K [0x00000000c0000000, 0x00000000c7e80000, 0x00000000eab00000)
  object space 129536K, 35% used [0x00000000c0000000,0x00000000c2d286e0,0x00000000c7e80000)
 Metaspace       used 53685K, capacity 58524K, committed 58580K, reserved 1099776K
  class space    used 6194K, capacity 7652K, committed 7680K, reserved 1048576K
}

