# JRE version: Java(TM) SE Runtime Environment (8.0_20-b26) (build 1.8.0_20-b26)
# Java VM: Java HotSpot(TM) 64-Bit Server VM (25.20-b23 mixed mode linux-amd64 compressed oops)
Heap:
 PSYoungGen      total 130048K, used 46660K [0x00000000f5580000, 0x00000000fe980000, 0x0000000100000000)
  eden space 109056K, 42% used [0x00000000f5580000,0x00000000f8311338,0x00000000fc000000)
  from space 20992K, 0% used [0x00000000fc000000,0x00000000fc000000,0x00000000fd480000)
  to   space 20480K, 0% used [0x00000000fd580000,0x00000000fd580000,0x00000000fe980000)
 ParOldGen       total 126976K, used 103521K [0x00000000e0000000, 0x00000000e7c00000, 0x00000000f5580000)
  object space 126976K, 81% used [0x00000000e0000000,0x00000000e65184c0,0x00000000e7c00000)
 Metaspace       used 122064K, capacity 132028K, committed 132736K, reserved 1165312K
  class space    used 13649K, capacity 16350K, committed 16512K, reserved 1048576K
GC Heap History (10 events):
Event: 9499.634 GC heap before
{Heap before GC invocations=375 (full 163):
 PSYoungGen      total 120832K, used 15862K [0x00000000f5580000, 0x00000000fe400000, 0x0000000100000000)
  eden space 104960K, 0% used [0x00000000f5580000,0x00000000f5580000,0x00000000fbc00000)
  from space 15872K, 99% used [0x00000000fce80000,0x00000000fddfd990,0x00000000fde00000)
  to   space 18944K, 0% used [0x00000000fbc00000,0x00000000fbc00000,0x00000000fce80000)
 ParOldGen       total 126976K, used 99179K [0x00000000e0000000, 0x00000000e7c00000, 0x00000000f5580000)
  object space 126976K, 78% used [0x00000000e0000000,0x00000000e60dac58,0x00000000e7c00000)
 Metaspace       used 121855K, capacity 131804K, committed 132480K, reserved 1165312K
  class space    used 13638K, capacity 16318K, committed 16512K, reserved 1048576K
Event: 9500.029 GC heap after
Heap after GC invocations=375 (full 163):
 PSYoungGen      total 120832K, used 0K [0x00000000f5580000, 0x00000000fe400000, 0x0000000100000000)
  eden space 104960K, 0% used [0x00000000f5580000,0x00000000f5580000,0x00000000fbc00000)
  from space 15872K, 0% used [0x00000000fce80000,0x00000000fce80000,0x00000000fde00000)
  to   space 18944K, 0% used [0x00000000fbc00000,0x00000000fbc00000,0x00000000fce80000)
 ParOldGen       total 126976K, used 110112K [0x00000000e0000000, 0x00000000e7c00000, 0x00000000f5580000)
  object space 126976K, 86% used [0x00000000e0000000,0x00000000e6b88248,0x00000000e7c00000)
 Metaspace       used 121851K, capacity 131798K, committed 132480K, reserved 1165312K
  class space    used 13638K, capacity 16317K, committed 16512K, reserved 1048576K
}
Event: 9501.502 GC heap before
{Heap before GC invocations=376 (full 163):
 PSYoungGen      total 120832K, used 104960K [0x00000000f5580000, 0x00000000fe400000, 0x0000000100000000)
  eden space 104960K, 100% used [0x00000000f5580000,0x00000000fbc00000,0x00000000fbc00000)
  from space 15872K, 0% used [0x00000000fce80000,0x00000000fce80000,0x00000000fde00000)
  to   space 18944K, 0% used [0x00000000fbc00000,0x00000000fbc00000,0x00000000fce80000)
 ParOldGen       total 126976K, used 110112K [0x00000000e0000000, 0x00000000e7c00000, 0x00000000f5580000)
  object space 126976K, 86% used [0x00000000e0000000,0x00000000e6b88248,0x00000000e7c00000)
 Metaspace       used 121856K, capacity 131798K, committed 132480K, reserved 1165312K
  class space    used 13638K, capacity 16317K, committed 16512K, reserved 1048576K
Event: 9501.510 GC heap after
Heap after GC invocations=376 (full 163):
 PSYoungGen      total 123904K, used 12452K [0x00000000f5580000, 0x00000000fe800000, 0x0000000100000000)
  eden space 104960K, 0% used [0x00000000f5580000,0x00000000f5580000,0x00000000fbc00000)
  from space 18944K, 65% used [0x00000000fbc00000,0x00000000fc829280,0x00000000fce80000)
  to   space 19968K, 0% used [0x00000000fd480000,0x00000000fd480000,0x00000000fe800000)
 ParOldGen       total 126976K, used 110112K [0x00000000e0000000, 0x00000000e7c00000, 0x00000000f5580000)
  object space 126976K, 86% used [0x00000000e0000000,0x00000000e6b88248,0x00000000e7c00000)
 Metaspace       used 121856K, capacity 131798K, committed 132480K, reserved 1165312K
  class space    used 13638K, capacity 16317K, committed 16512K, reserved 1048576K
}
Event: 9502.855 GC heap before
{Heap before GC invocations=377 (full 163):
 PSYoungGen      total 123904K, used 117412K [0x00000000f5580000, 0x00000000fe800000, 0x0000000100000000)
  eden space 104960K, 100% used [0x00000000f5580000,0x00000000fbc00000,0x00000000fbc00000)
  from space 18944K, 65% used [0x00000000fbc00000,0x00000000fc829280,0x00000000fce80000)
  to   space 19968K, 0% used [0x00000000fd480000,0x00000000fd480000,0x00000000fe800000)
 ParOldGen       total 126976K, used 110112K [0x00000000e0000000, 0x00000000e7c00000, 0x00000000f5580000)
  object space 126976K, 86% used [0x00000000e0000000,0x00000000e6b88248,0x00000000e7c00000)
 Metaspace       used 121860K, capacity 131798K, committed 132480K, reserved 1165312K
  class space    used 13638K, capacity 16317K, committed 16512K, reserved 1048576K
Event: 9502.868 GC heap after
Heap after GC invocations=377 (full 163):
 PSYoungGen      total 129024K, used 12723K [0x00000000f5580000, 0x00000000fea80000, 0x0000000100000000)
  eden space 109056K, 0% used [0x00000000f5580000,0x00000000f5580000,0x00000000fc000000)
  from space 19968K, 63% used [0x00000000fd480000,0x00000000fe0ecf50,0x00000000fe800000)
  to   space 20992K, 0% used [0x00000000fc000000,0x00000000fc000000,0x00000000fd480000)
 ParOldGen       total 126976K, used 110120K [0x00000000e0000000, 0x00000000e7c00000, 0x00000000f5580000)
  object space 126976K, 86% used [0x00000000e0000000,0x00000000e6b8a248,0x00000000e7c00000)
 Metaspace       used 121860K, capacity 131798K, committed 132480K, reserved 1165312K
  class space    used 13638K, capacity 16317K, committed 16512K, reserved 1048576K
}
Event: 9507.435 GC heap before
{Heap before GC invocations=378 (full 163):
 PSYoungGen      total 129024K, used 31716K [0x00000000f5580000, 0x00000000fea80000, 0x0000000100000000)
  eden space 109056K, 17% used [0x00000000f5580000,0x00000000f680c2b0,0x00000000fc000000)
  from space 19968K, 63% used [0x00000000fd480000,0x00000000fe0ecf50,0x00000000fe800000)
  to   space 20992K, 0% used [0x00000000fc000000,0x00000000fc000000,0x00000000fd480000)
 ParOldGen       total 126976K, used 110120K [0x00000000e0000000, 0x00000000e7c00000, 0x00000000f5580000)
  object space 126976K, 86% used [0x00000000e0000000,0x00000000e6b8a248,0x00000000e7c00000)
 Metaspace       used 121864K, capacity 131798K, committed 132480K, reserved 1165312K
  class space    used 13638K, capacity 16317K, committed 16512K, reserved 1048576K
Event: 9507.441 GC heap after
Heap after GC invocations=378 (full 163):
 PSYoungGen      total 130048K, used 4227K [0x00000000f5580000, 0x00000000fe980000, 0x0000000100000000)
  eden space 109056K, 0% used [0x00000000f5580000,0x00000000f5580000,0x00000000fc000000)
  from space 20992K, 20% used [0x00000000fc000000,0x00000000fc420df0,0x00000000fd480000)
  to   space 20480K, 0% used [0x00000000fd580000,0x00000000fd580000,0x00000000fe980000)
 ParOldGen       total 126976K, used 110120K [0x00000000e0000000, 0x00000000e7c00000, 0x00000000f5580000)
  object space 126976K, 86% used [0x00000000e0000000,0x00000000e6b8a248,0x00000000e7c00000)
 Metaspace       used 121864K, capacity 131798K, committed 132480K, reserved 1165312K
  class space    used 13638K, capacity 16317K, committed 16512K, reserved 1048576K
}
Event: 9507.441 GC heap before
{Heap before GC invocations=379 (full 164):
 PSYoungGen      total 130048K, used 4227K [0x00000000f5580000, 0x00000000fe980000, 0x0000000100000000)
  eden space 109056K, 0% used [0x00000000f5580000,0x00000000f5580000,0x00000000fc000000)
  from space 20992K, 20% used [0x00000000fc000000,0x00000000fc420df0,0x00000000fd480000)
  to   space 20480K, 0% used [0x00000000fd580000,0x00000000fd580000,0x00000000fe980000)
 ParOldGen       total 126976K, used 110120K [0x00000000e0000000, 0x00000000e7c00000, 0x00000000f5580000)
  object space 126976K, 86% used [0x00000000e0000000,0x00000000e6b8a248,0x00000000e7c00000)
 Metaspace       used 121864K, capacity 131798K, committed 132480K, reserved 1165312K
  class space    used 13638K, capacity 16317K, committed 16512K, reserved 1048576K
Event: 9507.704 GC heap after
Heap after GC invocations=379 (full 164):
 PSYoungGen      total 130048K, used 0K [0x00000000f5580000, 0x00000000fe980000, 0x0000000100000000)
  eden space 109056K, 0% used [0x00000000f5580000,0x00000000f5580000,0x00000000fc000000)
  from space 20992K, 0% used [0x00000000fc000000,0x00000000fc000000,0x00000000fd480000)
  to   space 20480K, 0% used [0x00000000fd580000,0x00000000fd580000,0x00000000fe980000)
 ParOldGen       total 126976K, used 103521K [0x00000000e0000000, 0x00000000e7c00000, 0x00000000f5580000)
  object space 126976K, 81% used [0x00000000e0000000,0x00000000e65184c0,0x00000000e7c00000)
 Metaspace       used 121864K, capacity 131798K, committed 132480K, reserved 1165312K
  class space    used 13638K, capacity 16317K, committed 16512K, reserved 1048576K
}

